This is pdfTeX, Version 3.14159265-2.6-1.40.17 (TeX Live 2016) (preloaded format=pdflatex 2016.11.2)  2 JUL 2017 17:50
entering extended mode
 restricted \write18 enabled.
 %&-line parsing enabled.
**\def\gausssel{\begin{alignedat}{16} 456178a_0&+468a_1&+4868a_2&+4.86682e+07a_
3&+4818a_4&+4.86877e+06a_5&+4.68768e+06a_6&+4.67682e+07a_7&+46881a_8&+4.86488e+
09a_9&+6468a_10&+643a_11&+a_12&+89a_13&+643a_14&\;&=&\;158133\\ a_0&+8a_1&+4381
a_2&+38a_3&+43a_4&+138a_5&+4a_6&+43a_7&+8413a_8&+8143a_9&+138a_10&+183a_11&+13a
_12&+81a_13&+31a_14&\;&=&\;3158\\ 81a_0&+8a_1&+618a_2&+318a_3&+631a_4&+8361a_5&
+836a_6&+1893a_7&+1493a_8&+a_9&+9193a_10&+a_11&+341a_12&+934a_13&+31a_14&\;&=&\
;351\\ 4391a_0&+4931a_1&+4931a_2&+491a_3&+493a_4&+1493a_5&+143a_6&+149a_7&+18a_
8&+315a_9&+931a_10&+93783a_11&+91749a_12&+13a_13&+41a_14&\;&=&\;531\\ 793a_0&+1
493a_1&+149a_2&+318a_3&+391a_4&+4914a_5&+914a_6&+931a_7&+8a_8&+3a_9&+8a_10&+893
1a_11&+8931a_12&+8931a_13&+8931a_14&\;&=&\;531\\ 831a_0&+8391a_1&+8361a_2&+49a_
3&+193a_4&+1493a_5&+1493a_6&+1439a_7&+1493a_8&+1493a_9&+19a_10&+a_11&+73914a_12
&+314a_13&+931a_14&\;&=&\;531\\ 4931a_0&+4931a_1&+14a_2&+31a_3&+4914a_4&+181a_5
&+94a_6&+914a_7&+6a_8&+681793a_9&+173a_10&+9179a_11&+317a_12&+9317a_13&+319a_14
&\;&=&\;54\\ 1793a_0&+1793a_1&+1379a_2&+197a_3&+1796a_4&+16a_5&+168a_6&+18a_7&+
37a_8&+67a_9&+9671a_10&+971a_11&+9617a_12&+19a_13&+87a_14&\;&=&\;5843\\ 17a_0&+
5917a_1&+317a_2&+8617a_3&+617a_4&+6817a_5&+617a_6&+6817a_7&+81a_8&+917a_9&+91a_
10&+617a_11&+6176a_12&+1768a_13&+17a_14&\;&=&\;14\\ 6817a_0&+1768a_1&+178a_2&+6
176a_3&+17a_4&+6817a_5&+617a_6&+617a_7&+6817a_8&+681a_9&+7681a_10&+6817a_11&+68
17a_12&+67a_13&+6176a_14&\;&=&\;341\\ 17a_0&+617a_1&+681a_2&+761a_3&+717a_4&+61
7a_5&+68a_6&+717a_7&+61a_8&+761a_9&+7861a_10&+76a_11&+1761a_12&+7861a_13&+76a_1
4&\;&=&\;5314\\ 1781a_0&+67a_1&+61768a_2&+17a_3&+617a_4&+617a_5&+617a_6&+6a_7&+
17a_8&+61a_9&+7681a_10&+768761a_11&+76a_12&+1768a_13&+17681a_14&\;&=&\;531\\ 76
1a_0&+761a_1&+617a_2&+617a_3&+617a_4&+617a_5&+671a_6&+617a_7&+6817a_8&+6817a_9&
+681768a_10&+16717a_11&+61a_12&+716a_13&+769a_14&\;&=&\;434\\ 176a_0&+1761a_1&+
76176a_2&+176a_3&+1761a_4&+7676a_5&+17691a_6&+7a_7&+18978a_8&+1781a_9&+7878a_10
&+76a_11&+917a_12&+976a_13&+7676a_14&\;&=&\;4\\ 1616a_0&+1769a_1&+169716a_2&+6a
_3&+776a_4&+176176a_5&+617a_6&+71a_7&+117a_8& & &+768a_11&+1768a_12&+1768a_13&+
81876a_14&\;&=&\;584 \end{alignedat} } \def\gaussmatrices{\tilde{A}^{(1)}= \beg
in{bmatrix}[rrrrrrrrrrrrrrr|r] 456178&468&4868&4.86682e+07&4818&4.86877e+06&4.6
8768e+06&4.67682e+07&46881&4.86488e+09&6468&643&1&89&643&158133\\ 1&8&4381&38&4
3&138&4&43&8413&8143&138&183&13&81&31&3158\\ 81&8&618&318&631&8361&836&1893&149
3&1&9193&1&341&934&31&351\\ 4391&4931&4931&491&493&1493&143&149&18&315&931&9378
3&91749&13&41&531\\ 793&1493&149&318&391&4914&914&931&8&3&8&8931&8931&8931&8931
&531\\ 831&8391&8361&49&193&1493&1493&1439&1493&1493&19&1&73914&314&931&531\\ 4
931&4931&14&31&4914&181&94&914&6&681793&173&9179&317&9317&319&54\\ 1793&1793&13
79&197&1796&16&168&18&37&67&9671&971&9617&19&87&5843\\ 17&5917&317&8617&617&681
7&617&6817&81&917&91&617&6176&1768&17&14\\ 6817&1768&178&6176&17&6817&617&617&6
817&681&7681&6817&6817&67&6176&341\\ 17&617&681&761&717&617&68&717&61&761&7861&
76&1761&7861&76&5314\\ 1781&67&61768&17&617&617&617&6&17&61&7681&768761&76&1768
&17681&531\\ 761&761&617&617&617&617&671&617&6817&6817&681768&16717&61&716&769&
434\\ 176&1761&76176&176&1761&7676&17691&7&18978&1781&7878&76&917&976&7676&4\\ 
1616&1769&169716&6&776&176176&617&71&117&0&0&768&1768&1768&81876&584\\ \end{bma
trix}\quad \begin{matrix} \\ \\ \\ \\ \\ \\ \\ \\ \\ \\ \\ \\ \\ \\ \\ \end{mat
rix} \\ \vspace{0.5cm} \\ \tilde{A}^{(2)}= \begin{bmatrix}[rrrrrrrrrrrrrrr|r] 4
56178&468&4868&4.86682e+07&4818&4.86877e+06&4.68768e+06&4.67682e+07&46881&4.864
88e+09&6468&643&1&89&643&158133\\ 0&7.99897&4380.99&-68.6868&42.9894&127.327&-6
.27599&-59.5218&8412.9&-2521.43&137.986&182.999&13&80.9998&30.9986&3157.65\\ 0&
7.9169&617.136&-8323.63&630.145&7496.49&3.64473&-6411.26&1484.68&-863818&9191.8
5&0.885827&341&933.984&30.8858&322.922\\ 0&4926.5&4884.14&-467971&446.624&-4537
2&-44978.9&-450024&-433.259&-4.68272e+07&868.741&93776.8&91749&12.1433&34.8107&
-991.13\\ 0&1492.19&140.538&-84284.6&382.625&-3549.65&-7234.86&-80368.7&-73.495
9&-8.45689e+06&-3.24369&8929.88&8931&8930.85&8929.88&256.108\\ 0&8390.15&8352.1
3&-88607.7&184.223&-7376.23&-7046.35&-83756.6&1407.6&-8.86065e+06&7.21752&-0.17
1326&73914&313.838&929.829&242.936\\ 0&4925.94&-38.62&-526042&4861.92&-52447.3&
-50576.9&-504621&-500.754&-5.19045e+07&103.085&9172.05&316.989&9316.04&312.05&-
1655.32\\ 0&1791.16&1359.87&-191092&1777.06&-19120.6&-18256.9&-183804&-147.265&
-1.91213e+07&9645.58&968.473&9617&18.6502&84.4727&5221.46\\ 0&5916.98&316.819&6
803.32&616.82&6635.56&442.308&5074.13&79.2529&-180378&90.759&616.976&6176&1768&
16.976&8.10699\\ 0&1761.01&105.254&-721108&-54.9989&-65940.5&-69434.4&-698274&6
116.42&-7.26987e+07&7584.34&6807.39&6816.99&65.67&6166.39&-2022.1\\ 0&616.983&6
80.819&-1052.68&716.82&435.56&-106.692&-1025.87&59.2529&-180534&7860.76&75.976&
1761&7861&75.976&5308.11\\ 0&65.1728&61749&-189992&598.19&-18391.5&-17684.5&-18
2585&-166.032&-1.89933e+07&7655.75&768758&75.9961&1767.65&17678.5&-86.3793\\ 0&
760.219&608.879&-80571.6&608.963&-7505.12&-7149.03&-77402.1&6738.79&-8.10881e+0
6&681757&16715.9&60.9983&715.852&767.927&170.201\\ 0&1760.82&76174.1&-18600.9&1
759.14&5797.56&15882.4&-18036.8&18959.9&-1.87516e+06&7875.5&75.7519&917&975.966
&7675.75&-57.01\\ 0&1767.34&169699&-172400&758.932&158929&-15989&-165604&-49.07
49&-1.72337e+07&-22.9127&765.722&1768&1767.68&81873.7&23.8175\\ \end{bmatrix}\q
uad \begin{matrix} \\ \quad E_2-\left(2.19213e-06\right)E_1 \quad \rightarrow \
quad E_2\\ \quad E_3-\left(0.000177562\right)E_1 \quad \rightarrow \quad E_3\\ 
\quad E_4-\left(0.00962563\right)E_1 \quad \rightarrow \quad E_4\\ \quad E_5-\l
eft(0.00173836\right)E_1 \quad \rightarrow \quad E_5\\ \quad E_6-\left(0.001821
66\right)E_1 \quad \rightarrow \quad E_6\\ \quad E_7-\left(0.0108094\right)E_1 
\quad \rightarrow \quad E_7\\ \quad E_8-\left(0.00393048\right)E_1 \quad \right
arrow \quad E_8\\ \quad E_9-\left(3.72662e-05\right)E_1 \quad \rightarrow \quad
 E_9\\ \quad E_10-\left(0.0149437\right)E_1 \quad \rightarrow \quad E_10\\ \qua
d E_11-\left(3.72662e-05\right)E_1 \quad \rightarrow \quad E_11\\ \quad E_12-\l
eft(0.00390418\right)E_1 \quad \rightarrow \quad E_12\\ \quad E_13-\left(0.0016
6821\right)E_1 \quad \rightarrow \quad E_13\\ \quad E_14-\left(0.000385814\righ
t)E_1 \quad \rightarrow \quad E_14\\ \quad E_15-\left(0.00354248\right)E_1 \qua
d \rightarrow \quad E_15\\ \end{matrix} \\ \vspace{0.5cm} \\ \tilde{A}^{(3)}= \
begin{bmatrix}[rrrrrrrrrrrrrrr|r] 456178&468&4868&4.86682e+07&4818&4.86877e+06&
4.68768e+06&4.67682e+07&46881&4.86488e+09&6468&643&1&89&643&158133\\ 0&7.99897&
4380.99&-68.6868&42.9894&127.327&-6.27599&-59.5218&8412.9&-2521.43&137.986&182.
999&13&80.9998&30.9986&3157.65\\ 0&0&-3718.9&-8255.65&587.596&7370.47&9.85633&-
6352.35&-6841.9&-861322&9055.28&-180.235&328.133&853.815&0.205297&-2802.33\\ 0&
0&-2.69333e+06&-425667&-26030.2&-123792&-41113.6&-413365&-5.18186e+06&-4.52743e
+07&-84115.5&-18930.4&83742.4&-49874.9&-19056.9&-1.94576e+06\\ 0&0&-817121&-714
71.3&-7636.94&-27302.2&-6064.09&-69265.1&-1.56948e+06&-7.98652e+06&-25744.1&-25
208&6505.88&-6179.44&3147.18&-588795\\ 0&0&-4.58688e+06&-16561.9&-44907.5&-1409
30&-463.443&-21324&-8.82291e+06&-6.21591e+06&-144727&-191948&60278.3&-84647.1&-
31584.7&-3.31183e+06\\ 0&0&-2.69795e+06&-483743&-21611.9&-130858&-46712&-467966
&-5.18134e+06&-5.03517e+07&-84871.6&-103522&-7688.69&-40565.4&-18777.6&-1.94621
e+06\\ 0&0&-979648&-175712&-7849.29&-47632.2&-16851.5&-170475&-1.884e+06&-1.855
66e+07&-21252.7&-40009.3&6705.99&-18119.1&-6856.85&-701852\\ 0&0&-3.24038e+06&5
7612.2&-31183.2&-87550.5&5084.77&49103.4&-6.22309e+06&1.68477e+06&-101980&-1347
50&-3440.33&-58149&-22913.2&-2.33576e+06\\ 0&0&-964387&-705986&-9519.3&-93972.1
&-68052.7&-685170&-1.84602e+06&-7.21436e+07&-22793.8&-33480.5&3954.98&-17766.8&
-658.073&-697192\\ 0&0&-337237&4245.32&-2599.07&-9385.52&377.392&3565.2&-648850
&13950.2&-2782.46&-14039.2&758.275&1613.26&-2315.03&-238250\\ 0&0&26054.2&-1894
33&247.927&-19429&-17633.4&-182100&-68711.4&-1.89727e+07&6531.49&767267&-29.923
3&1107.69&17425.9&-25813.8\\ 0&0&-415759&-74043.7&-3476.74&-19606.2&-6552.56&-7
1745.1&-792820&-7.86918e+06&668643&-676.185&-1174.52&-6982.34&-2178.17&-299932\
\ 0&0&-888216&-3480.81&-7704.15&-22231&17264&-4934.27&-1.83298e+06&-1.32011e+06
&-22499.4&-40207.8&-1944.7&-16854.6&852.012&-695153\\ 0&0&-798264&-157224&-8739
.42&130796&-14602.3&-152453&-1.85885e+06&-1.66766e+07&-30510.3&-39667.1&-1104.3
&-16128.9&75024.7&-697647\\ \end{bmatrix}\quad \begin{matrix} \\ \\ \quad E_3-\
left(0.98974\right)E_2 \quad \rightarrow \quad E_3\\ \quad E_4-\left(615.891\ri
ght)E_2 \quad \rightarrow \quad E_4\\ \quad E_5-\left(186.547\right)E_2 \quad \
rightarrow \quad E_5\\ \quad E_6-\left(1048.9\right)E_2 \quad \rightarrow \quad
 E_6\\ \quad E_7-\left(615.822\right)E_2 \quad \rightarrow \quad E_7\\ \quad E_
8-\left(223.924\right)E_2 \quad \rightarrow \quad E_8\\ \quad E_9-\left(739.718
\right)E_2 \quad \rightarrow \quad E_9\\ \quad E_10-\left(220.154\right)E_2 \qu
ad \rightarrow \quad E_10\\ \quad E_11-\left(77.1327\right)E_2 \quad \rightarro
w \quad E_11\\ \quad E_12-\left(8.14765\right)E_2 \quad \rightarrow \quad E_12\
\ \quad E_13-\left(95.0396\right)E_2 \quad \rightarrow \quad E_13\\ \quad E_14-
\left(220.131\right)E_2 \quad \rightarrow \quad E_14\\ \quad E_15-\left(220.946
\right)E_2 \quad \rightarrow \quad E_15\\ \end{matrix} \\ \vspace{0.5cm} \\ \ti
lde{A}^{(4)}= \begin{bmatrix}[rrrrrrrrrrrrrrr|r] 456178&468&4868&4.86682e+07&48
18&4.86877e+06&4.68768e+06&4.67682e+07&46881&4.86488e+09&6468&643&1&89&643&1581
33\\ 0&7.99897&4380.99&-68.6868&42.9894&127.327&-6.27599&-59.5218&8412.9&-2521.
43&137.986&182.999&13&80.9998&30.9986&3157.65\\ 0&0&-3718.9&-8255.65&587.596&73
70.47&9.85633&-6352.35&-6841.9&-861322&9055.28&-180.235&328.133&853.815&0.20529
7&-2802.33\\ 0&0&0&5.55329e+06&-451583&-5.46168e+06&-48251.8&4.18717e+06&-22677
5&5.78518e+08&-6.64219e+06&111601&-153900&-668231&-19205.6&83762.2\\ 0&0&0&1.74
247e+06&-136744&-1.64675e+06&-8229.73&1.32648e+06&-66167&1.81264e+08&-2.01538e+
06&14393.4&-65591.9&-193781&3102.07&26935.9\\ 0&0&0&1.01659e+07&-769646&-9.2316
4e+06&-12620.2&7.81364e+06&-384130&1.05614e+09&-1.13135e+07&30353.4&-344440&-1.
13774e+06&-31837.9&144558\\ 0&0&0&5.50547e+06&-447894&-5.4779e+06&-53862.5&4.14
046e+06&-217761&5.7451e+08&-6.65419e+06&27232.4&-245739&-659982&-18926.5&86797.
5\\ 0&0&0&1.99902e+06&-162636&-1.98919e+06&-19447.9&1.50289e+06&-81674.8&2.0833
6e+08&-2.40663e+06&7468.97&-79732.1&-243035&-6910.93&36349.2\\ 0&0&0&7.25098e+0
6&-543171&-6.50964e+06&-3503.31&5.58408e+06&-261560&7.52177e+08&-7.99209e+06&22
293.3&-289351&-802101&-23092.1&105983\\ 0&0&0&1.43487e+06&-161895&-2.00528e+06&
-70608.7&962124&-71772.5&1.51215e+08&-2.37101e+06&13258.1&-81136.6&-239179&-711
.311&29509.8\\ 0&0&0&752882&-55883.3&-677753&-516.397&579608&-28414.4&7.81202e+
07&-823932&2304.84&-28997.4&-75812.3&-2333.65&15870.3\\ 0&0&0&-247271&4364.56&3
2207.8&-17564.4&-226604&-116645&-2.50071e+07&69971.8&766005&2268.94&7089.43&174
27.4&-45446.7\\ 0&0&0&848905&-69167.7&-843596&-7654.46&638423&-27922.1&8.84232e
+07&-343701&19473.4&-37858.5&-102436&-2201.12&13357.8\\ 0&0&0&1.96828e+06&-1480
45&-1.78258e+06&14909.9&1.51225e+06&-198869&2.04396e+08&-2.18525e+06&2839.18&-8
0315.4&-220778&802.979&-25849.3\\ 0&0&0&1.61485e+06&-134867&-1.45128e+06&-16718
&1.21108e+06&-390229&1.68206e+08&-1.97423e+06&-979.574&-71538.2&-199401&74980.6
&-96125.7\\ \end{bmatrix}\quad \begin{matrix} \\ \\ \\ \quad E_4-\left(724.226\
right)E_3 \quad \rightarrow \quad E_4\\ \quad E_5-\left(219.721\right)E_3 \quad
 \rightarrow \quad E_5\\ \quad E_6-\left(1233.4\right)E_3 \quad \rightarrow \qu
ad E_6\\ \quad E_7-\left(725.468\right)E_3 \quad \rightarrow \quad E_7\\ \quad 
E_8-\left(263.424\right)E_3 \quad \rightarrow \quad E_8\\ \quad E_9-\left(871.3
26\right)E_3 \quad \rightarrow \quad E_9\\ \quad E_10-\left(259.32\right)E_3 \q
uad \rightarrow \quad E_10\\ \quad E_11-\left(90.6818\right)E_3 \quad \rightarr
ow \quad E_11\\ \quad E_12-\left(-7.00589\right)E_3 \quad \rightarrow \quad E_1
2\\ \quad E_13-\left(111.796\right)E_3 \quad \rightarrow \quad E_13\\ \quad E_1
4-\left(238.838\right)E_3 \quad \rightarrow \quad E_14\\ \quad E_15-\left(214.6
5\right)E_3 \quad \rightarrow \quad E_15\\ \end{matrix} \\ \vspace{0.5cm} \\ \t
ilde{A}^{(5)}= \begin{bmatrix}[rrrrrrrrrrrrrrr|r] 456178&468&4868&4.86682e+07&4
818&4.86877e+06&4.68768e+06&4.67682e+07&46881&4.86488e+09&6468&643&1&89&643&158
133\\ 0&7.99897&4380.99&-68.6868&42.9894&127.327&-6.27599&-59.5218&8412.9&-2521
.43&137.986&182.999&13&80.9998&30.9986&3157.65\\ 0&0&-3718.9&-8255.65&587.596&7
370.47&9.85633&-6352.35&-6841.9&-861322&9055.28&-180.235&328.133&853.815&0.2052
97&-2802.33\\ 0&0&0&5.55329e+06&-451583&-5.46168e+06&-48251.8&4.18717e+06&-2267
75&5.78518e+08&-6.64219e+06&111601&-153900&-668231&-19205.6&83762.2\\ 0&0&0&0&4
949.95&66973.9&6910.32&12660.9&4988.62&-258772&68754.2&-20623.7&-17302.2&15891.
5&9128.26&653.66\\ 0&0&0&0&57026.7&766580&75710.1&148547&31007&-2.90656e+06&845
797&-173944&-62708.2&85531.3&3320.15&-8778.36\\ 0&0&0&0&-200.311&-63253.8&-6026
.22&-10653.4&7060.84&974176&-69201.8&-83407.2&-93164&2494.62&113.745&3756.65\\ 
0&0&0&0&-79.4879&-23144.1&-2078.67&-4375.3&-42.3672&86559.8&-15635.4&-32704&-24
332.5&-2490.96&2.53583&6197.26\\ 0&0&0&0&46464&621724&59499.4&116847&34542.2&-3
.19801e+06&680674&-123425&-88402.6&70413.1&1984.83&-3386.02\\ 0&0&0&0&-45214&-5
94084&-58141.3&-119767&-13177.9&1.73601e+06&-654789&-15577.5&-41371.5&-66519.6&
4251.08&7867.11\\ 0&0&0&0&5339.58&62709.3&6025.29&11935.4&2330.36&-311850&76577
&-12825.3&-8132.54&14782.5&270.138&4514.33\\ 0&0&0&0&-15743&-210984&-19712.9&-4
0162.3&-126743&752527&-225784&770974&-4583.76&-22664.8&16572.2&-41717\\ 0&0&0&0
&-136.35&-8694.59&-278.443&-1650.9&6743.88&-12050&671658&2413.53&-14332.5&-286.
306&734.754&553.478\\ 0&0&0&0&12012.4&153232&32012&28166.4&-118492&-650769&1689
81&-36716.1&-25767.7&16066.3&7610.13&-55537.5\\ 0&0&0&0&-3550.35&136936&-2686.7
7&-6516.74&-324285&-22053.2&-42732.5&-33432.2&-26785.2&-5084.42&80565.5&-120483
\\ \end{bmatrix}\quad \begin{matrix} \\ \\ \\ \\ \quad E_5-\left(0.313772\right
)E_4 \quad \rightarrow \quad E_5\\ \quad E_6-\left(1.83061\right)E_4 \quad \rig
htarrow \quad E_6\\ \quad E_7-\left(0.991389\right)E_4 \quad \rightarrow \quad 
E_7\\ \quad E_8-\left(0.359971\right)E_4 \quad \rightarrow \quad E_8\\ \quad E_
9-\left(1.30571\right)E_4 \quad \rightarrow \quad E_9\\ \quad E_10-\left(0.2583
82\right)E_4 \quad \rightarrow \quad E_10\\ \quad E_11-\left(0.135574\right)E_4
 \quad \rightarrow \quad E_11\\ \quad E_12-\left(-0.0445269\right)E_4 \quad \ri
ghtarrow \quad E_12\\ \quad E_13-\left(0.152865\right)E_4 \quad \rightarrow \qu
ad E_13\\ \quad E_14-\left(0.354435\right)E_4 \quad \rightarrow \quad E_14\\ \q
uad E_15-\left(0.290792\right)E_4 \quad \rightarrow \quad E_15\\ \end{matrix} \
\ \vspace{0.5cm} \\ \tilde{A}^{(6)}= \begin{bmatrix}[rrrrrrrrrrrrrrr|r] 456178&
468&4868&4.86682e+07&4818&4.86877e+06&4.68768e+06&4.67682e+07&46881&4.86488e+09
&6468&643&1&89&643&158133\\ 0&7.99897&4380.99&-68.6868&42.9894&127.327&-6.27599
&-59.5218&8412.9&-2521.43&137.986&182.999&13&80.9998&30.9986&3157.65\\ 0&0&-371
8.9&-8255.65&587.596&7370.47&9.85633&-6352.35&-6841.9&-861322&9055.28&-180.235&
328.133&853.815&0.205297&-2802.33\\ 0&0&0&5.55329e+06&-451583&-5.46168e+06&-482
51.8&4.18717e+06&-226775&5.78518e+08&-6.64219e+06&111601&-153900&-668231&-19205
.6&83762.2\\ 0&0&0&0&4949.95&66973.9&6910.32&12660.9&4988.62&-258772&68754.2&-2
0623.7&-17302.2&15891.5&9128.26&653.66\\ 0&0&0&0&0&-5003.24&-3901.4&2684.94&-26
465.2&74668.9&53703.2&63654.9&136625&-97549.2&-101843&-16309\\ 0&0&0&0&0&-60543
.6&-5746.58&-10141.1&7262.71&963704&-66419.5&-84241.8&-93864.1&3137.71&483.141&
3783.11\\ 0&0&0&0&0&-22068.6&-1967.7&-4171.99&37.7417&82404.4&-14531.3&-33035.2
&-24610.4&-2235.77&149.12&6207.76\\ 0&0&0&0&0&-6943.93&-5366.17&-1998.45&-12284
.9&-768974&35294&70165.6&74009.5&-78756.7&-83700&-9521.78\\ 0&0&0&0&0&17670.6&4
979.19&-4119.44&32389.3&-627673&-26772.3&-203959&-199414&78637&87630.7&13837.8\
\ 0&0&0&0&0&-9536.31&-1428.97&-1722.12&-3050.93&-32708.9&2410.92&9421.79&10531.
6&-2359.89&-9576.64&3809.22\\ 0&0&0&0&0&2022.42&2265&104.987&-110877&-70482.3&-
7115.56&705381&-59612.5&27877.1&45604.1&-39638.1\\ 0&0&0&0&0&-6849.74&-88.0927&
-1302.15&6881.29&-19178&673552&1845.43&-14809.1&151.438&986.199&571.483\\ 0&0&0
&0&0&-9297.97&15242.2&-2558.78&-130599&-22787&2129.99&13333.1&16220.9&-22498.8&
-14542.1&-57123.8\\ 0&0&0&0&0&184973&2269.66&2564.32&-320707&-207658&6581.45&-4
8224.6&-39195.2&6313.76&87112.7&-120014\\ \end{bmatrix}\quad \begin{matrix} \\ 
\\ \\ \\ \\ \quad E_6-\left(11.5207\right)E_5 \quad \rightarrow \quad E_6\\ \qu
ad E_7-\left(-0.0404672\right)E_5 \quad \rightarrow \quad E_7\\ \quad E_8-\left
(-0.0160583\right)E_5 \quad \rightarrow \quad E_8\\ \quad E_9-\left(9.38677\rig
ht)E_5 \quad \rightarrow \quad E_9\\ \quad E_10-\left(-9.13423\right)E_5 \quad 
\rightarrow \quad E_10\\ \quad E_11-\left(1.07871\right)E_5 \quad \rightarrow \
quad E_11\\ \quad E_12-\left(-3.18044\right)E_5 \quad \rightarrow \quad E_12\\ 
\quad E_13-\left(-0.0275458\right)E_5 \quad \rightarrow \quad E_13\\ \quad E_14
-\left(2.42677\right)E_5 \quad \rightarrow \quad E_14\\ \quad E_15-\left(-0.717
25\right)E_5 \quad \rightarrow \quad E_15\\ \end{matrix} \\ \vspace{0.5cm} \\ \
tilde{A}^{(7)}= \begin{bmatrix}[rrrrrrrrrrrrrrr|r] 456178&468&4868&4.86682e+07&
4818&4.86877e+06&4.68768e+06&4.67682e+07&46881&4.86488e+09&6468&643&1&89&643&15
8133\\ 0&7.99897&4380.99&-68.6868&42.9894&127.327&-6.27599&-59.5218&8412.9&-252
1.43&137.986&182.999&13&80.9998&30.9986&3157.65\\ 0&0&-3718.9&-8255.65&587.596&
7370.47&9.85633&-6352.35&-6841.9&-861322&9055.28&-180.235&328.133&853.815&0.205
297&-2802.33\\ 0&0&0&5.55329e+06&-451583&-5.46168e+06&-48251.8&4.18717e+06&-226
775&5.78518e+08&-6.64219e+06&111601&-153900&-668231&-19205.6&83762.2\\ 0&0&0&0&
4949.95&66973.9&6910.32&12660.9&4988.62&-258772&68754.2&-20623.7&-17302.2&15891
.5&9128.26&653.66\\ 0&0&0&0&0&-5003.24&-3901.4&2684.94&-26465.2&74668.9&53703.2
&63654.9&136625&-97549.2&-101843&-16309\\ 0&0&0&0&0&0&41463.7&-42631.1&327514&6
0145.4&-716275&-854521&-1.74714e+06&1.18357e+06&1.23288e+06&201136\\ 0&0&0&0&0&
0&15240.8&-16014.9&116772&-246950&-251409&-313808&-627244&428040&449366&78144.3
\\ 0&0&0&0&0&0&48.5256&-5724.83&24445.8&-872606&-39239.9&-18180&-115610&56630.4
&57647&13113.2\\ 0&0&0&0&0&0&-8799.87&5363.28&-61081.1&-363956&162898&20858.4&2
83121&-265890&-272062&-43762.6\\ 0&0&0&0&0&0&6007.2&-6839.68&47392.4&-175030&-9
9948.8&-111906&-249879&183571&184540&34894.5\\ 0&0&0&0&0&0&687.968&1190.3&-1215
74&-40299.4&14592.5&731112&-4385.54&-11554.5&4436.65&-46230.5\\ 0&0&0&0&0&0&525
3.16&-4977.99&43113.7&-121404&600029&-85302&-201857&133702&140416&22899.4\\ 0&0
&0&0&0&0&22492.6&-7548.43&-81416.1&-161551&-97671.4&-104962&-237681&158786&1747
22&-26815.5\\ 0&0&0&0&0&0&-141968&101828&-1.29914e+06&2.55291e+06&1.99203e+06&2
.30514e+06&5.01193e+06&-3.60015e+06&-3.67811e+06&-722968\\ \end{bmatrix}\quad \
begin{matrix} \\ \\ \\ \\ \\ \\ \quad E_7-\left(12.1009\right)E_6 \quad \righta
rrow \quad E_7\\ \quad E_8-\left(4.41086\right)E_6 \quad \rightarrow \quad E_8\
\ \quad E_9-\left(1.38788\right)E_6 \quad \rightarrow \quad E_9\\ \quad E_10-\l
eft(-3.53182\right)E_6 \quad \rightarrow \quad E_10\\ \quad E_11-\left(1.90603\
right)E_6 \quad \rightarrow \quad E_11\\ \quad E_12-\left(-0.404223\right)E_6 \
quad \rightarrow \quad E_12\\ \quad E_13-\left(1.36906\right)E_6 \quad \rightar
row \quad E_13\\ \quad E_14-\left(1.85839\right)E_6 \quad \rightarrow \quad E_1
4\\ \quad E_15-\left(-36.9707\right)E_6 \quad \rightarrow \quad E_15\\ \end{mat
rix} \\ \vspace{0.5cm} \\ \tilde{A}^{(8)}= \begin{bmatrix}[rrrrrrrrrrrrrrr|r] 4
56178&468&4868&4.86682e+07&4818&4.86877e+06&4.68768e+06&4.67682e+07&46881&4.864
88e+09&6468&643&1&89&643&158133\\ 0&7.99897&4380.99&-68.6868&42.9894&127.327&-6
.27599&-59.5218&8412.9&-2521.43&137.986&182.999&13&80.9998&30.9986&3157.65\\ 0&
0&-3718.9&-8255.65&587.596&7370.47&9.85633&-6352.35&-6841.9&-861322&9055.28&-18
0.235&328.133&853.815&0.205297&-2802.33\\ 0&0&0&5.55329e+06&-451583&-5.46168e+0
6&-48251.8&4.18717e+06&-226775&5.78518e+08&-6.64219e+06&111601&-153900&-668231&
-19205.6&83762.2\\ 0&0&0&0&4949.95&66973.9&6910.32&12660.9&4988.62&-258772&6875
4.2&-20623.7&-17302.2&15891.5&9128.26&653.66\\ 0&0&0&0&0&-5003.24&-3901.4&2684.
94&-26465.2&74668.9&53703.2&63654.9&136625&-97549.2&-101843&-16309\\ 0&0&0&0&0&
0&41463.7&-42631.1&327514&60145.4&-716275&-854521&-1.74714e+06&1.18357e+06&1.23
288e+06&201136\\ 0&0&0&0&0&0&0&-344.945&-3612.5&-269057&11872.5&288.317&14954&-
7003.87&-3802.36&4212.86\\ 0&0&0&0&0&0&0&-5674.94&24062.5&-872677&-38401.6&-171
80&-113566&55245.3&56204.1&12877.8\\ 0&0&0&0&0&0&0&-3684.35&8427.5&-351191&1088
2.6&-160497&-87676.2&-14700.5&-10408.3&-1075.47\\ 0&0&0&0&0&0&0&-663.353&-57.36
98&-183744&3823.98&11895.6&3244.45&12098&5922.31&5754.3\\ 0&0&0&0&0&0&0&1897.64
&-127009&-41297.4&26477&745290&24603.2&-31192.3&-16019.3&-49567.8\\ 0&0&0&0&0&0
&0&423.072&1619.99&-129024&690776&22959.8&19493.8&-16247.4&-15780.7&-2583.02\\ 
0&0&0&0&0&0&0&15577.4&-259081&-194178&290882&358584&710081&-483257&-494068&-135
924\\ 0&0&0&0&0&0&0&-44136.6&-177766&2.75884e+06&-460430&-620657&-970130&452273
&543141&-34298.8\\ \end{bmatrix}\quad \begin{matrix} \\ \\ \\ \\ \\ \\ \\ \quad
 E_8-\left(0.36757\right)E_7 \quad \rightarrow \quad E_8\\ \quad E_9-\left(0.00
117032\right)E_7 \quad \rightarrow \quad E_9\\ \quad E_10-\left(-0.212231\right
)E_7 \quad \rightarrow \quad E_10\\ \quad E_11-\left(0.144878\right)E_7 \quad \
rightarrow \quad E_11\\ \quad E_12-\left(0.0165921\right)E_7 \quad \rightarrow 
\quad E_12\\ \quad E_13-\left(0.126693\right)E_7 \quad \rightarrow \quad E_13\\
 \quad E_14-\left(0.542464\right)E_7 \quad \rightarrow \quad E_14\\ \quad E_15-
\left(-3.42391\right)E_7 \quad \rightarrow \quad E_15\\ \end{matrix} \\ \vspace
{0.5cm} \\ \tilde{A}^{(9)}= \begin{bmatrix}[rrrrrrrrrrrrrrr|r] 456178&468&4868&
4.86682e+07&4818&4.86877e+06&4.68768e+06&4.67682e+07&46881&4.86488e+09&6468&643
&1&89&643&158133\\ 0&7.99897&4380.99&-68.6868&42.9894&127.327&-6.27599&-59.5218
&8412.9&-2521.43&137.986&182.999&13&80.9998&30.9986&3157.65\\ 0&0&-3718.9&-8255
.65&587.596&7370.47&9.85633&-6352.35&-6841.9&-861322&9055.28&-180.235&328.133&8
53.815&0.205297&-2802.33\\ 0&0&0&5.55329e+06&-451583&-5.46168e+06&-48251.8&4.18
717e+06&-226775&5.78518e+08&-6.64219e+06&111601&-153900&-668231&-19205.6&83762.
2\\ 0&0&0&0&4949.95&66973.9&6910.32&12660.9&4988.62&-258772&68754.2&-20623.7&-1
7302.2&15891.5&9128.26&653.66\\ 0&0&0&0&0&-5003.24&-3901.4&2684.94&-26465.2&746
68.9&53703.2&63654.9&136625&-97549.2&-101843&-16309\\ 0&0&0&0&0&0&41463.7&-4263
1.1&327514&60145.4&-716275&-854521&-1.74714e+06&1.18357e+06&1.23288e+06&201136\
\ 0&0&0&0&0&0&0&-344.945&-3612.5&-269057&11872.5&288.317&14954&-7003.87&-3802.3
6&4212.86\\ 0&0&0&0&0&0&0&0&83494.5&3.55378e+06&-233725&-21923.3&-359586&170471
&118760&-56431.1\\ 0&0&0&0&0&0&0&0&47012.6&2.5226e+06&-115927&-163577&-247400&6
0107.7&30204.7&-46072.9\\ 0&0&0&0&0&0&0&0&6889.73&333673&-19007.7&11341.1&-2551
3.2&25567&13234.5&-2347.33\\ 0&0&0&0&0&0&0&0&-146882&-1.52146e+06&91790.9&74687
7&106870&-69722.5&-36937.2&-26391.7\\ 0&0&0&0&0&0&0&0&-2810.72&-459021&705338&2
3313.4&37834.9&-24837.6&-20444.3&2584.02\\ 0&0&0&0&0&0&0&0&-422218&-1.23446e+07
&827034&371604&1.38539e+06&-799546&-665780&54324.9\\ 0&0&0&0&0&0&0&0&284464&3.7
1854e+07&-1.97955e+06&-657548&-2.88354e+06&1.34844e+06&1.02966e+06&-573345\\ \e
nd{bmatrix}\quad \begin{matrix} \\ \\ \\ \\ \\ \\ \\ \\ \quad E_9-\left(16.4517
\right)E_8 \quad \rightarrow \quad E_9\\ \quad E_10-\left(10.681\right)E_8 \qua
d \rightarrow \quad E_10\\ \quad E_11-\left(1.92307\right)E_8 \quad \rightarrow
 \quad E_11\\ \quad E_12-\left(-5.50128\right)E_8 \quad \rightarrow \quad E_12\
\ \quad E_13-\left(-1.22649\right)E_8 \quad \rightarrow \quad E_13\\ \quad E_14
-\left(-45.1591\right)E_8 \quad \rightarrow \quad E_14\\ \quad E_15-\left(127.9
53\right)E_8 \quad \rightarrow \quad E_15\\ \end{matrix} \\ \vspace{0.5cm} \\ \
tilde{A}^{(10)}= \begin{bmatrix}[rrrrrrrrrrrrrrr|r] 456178&468&4868&4.86682e+07
&4818&4.86877e+06&4.68768e+06&4.67682e+07&46881&4.86488e+09&6468&643&1&89&643&1
58133\\ 0&7.99897&4380.99&-68.6868&42.9894&127.327&-6.27599&-59.5218&8412.9&-25
21.43&137.986&182.999&13&80.9998&30.9986&3157.65\\ 0&0&-3718.9&-8255.65&587.596
&7370.47&9.85633&-6352.35&-6841.9&-861322&9055.28&-180.235&328.133&853.815&0.20
5297&-2802.33\\ 0&0&0&5.55329e+06&-451583&-5.46168e+06&-48251.8&4.18717e+06&-22
6775&5.78518e+08&-6.64219e+06&111601&-153900&-668231&-19205.6&83762.2\\ 0&0&0&0
&4949.95&66973.9&6910.32&12660.9&4988.62&-258772&68754.2&-20623.7&-17302.2&1589
1.5&9128.26&653.66\\ 0&0&0&0&0&-5003.24&-3901.4&2684.94&-26465.2&74668.9&53703.
2&63654.9&136625&-97549.2&-101843&-16309\\ 0&0&0&0&0&0&41463.7&-42631.1&327514&
60145.4&-716275&-854521&-1.74714e+06&1.18357e+06&1.23288e+06&201136\\ 0&0&0&0&0
&0&0&-344.945&-3612.5&-269057&11872.5&288.317&14954&-7003.87&-3802.36&4212.86\\
 0&0&0&0&0&0&0&0&83494.5&3.55378e+06&-233725&-21923.3&-359586&170471&118760&-56
431.1\\ 0&0&0&0&0&0&0&0&0&521602&15674.4&-151232&-44930.9&-35878.2&-36664.3&-14
298.7\\ 0&0&0&0&0&0&0&0&0&40424.4&278.647&13150.2&4158.78&11500.2&3434.82&2309.
21\\ 0&0&0&0&0&0&0&0&0&4.73029e+06&-319374&708310&-525707&230167&171983&-125664
\\ 0&0&0&0&0&0&0&0&0&-339388&697470&22575.4&25729.9&-19098.9&-16446.4&684.352\\
 0&0&0&0&0&0&0&0&0&5.62635e+06&-354876&260742&-432974&62499.7&-65231.3&-231038\
\ 0&0&0&0&0&0&0&0&0&2.50778e+07&-1.18325e+06&-582855&-1.65844e+06&767645&625053
&-381086\\ \end{bmatrix}\quad \begin{matrix} \\ \\ \\ \\ \\ \\ \\ \\ \\ \quad E
_10-\left(0.563062\right)E_9 \quad \rightarrow \quad E_10\\ \quad E_11-\left(0.
0825172\right)E_9 \quad \rightarrow \quad E_11\\ \quad E_12-\left(-1.75918\righ
t)E_9 \quad \rightarrow \quad E_12\\ \quad E_13-\left(-0.0336636\right)E_9 \qua
d \rightarrow \quad E_13\\ \quad E_14-\left(-5.05684\right)E_9 \quad \rightarro
w \quad E_14\\ \quad E_15-\left(3.40697\right)E_9 \quad \rightarrow \quad E_15\
\ \end{matrix} \\ \vspace{0.5cm} \\ \tilde{A}^{(11)}= \begin{bmatrix}[rrrrrrrrr
rrrrrr|r] 456178&468&4868&4.86682e+07&4818&4.86877e+06&4.68768e+06&4.67682e+07&
46881&4.86488e+09&6468&643&1&89&643&158133\\ 0&7.99897&4380.99&-68.6868&42.9894
&127.327&-6.27599&-59.5218&8412.9&-2521.43&137.986&182.999&13&80.9998&30.9986&3
157.65\\ 0&0&-3718.9&-8255.65&587.596&7370.47&9.85633&-6352.35&-6841.9&-861322&
9055.28&-180.235&328.133&853.815&0.205297&-2802.33\\ 0&0&0&5.55329e+06&-451583&
-5.46168e+06&-48251.8&4.18717e+06&-226775&5.78518e+08&-6.64219e+06&111601&-1539
00&-668231&-19205.6&83762.2\\ 0&0&0&0&4949.95&66973.9&6910.32&12660.9&4988.62&-
258772&68754.2&-20623.7&-17302.2&15891.5&9128.26&653.66\\ 0&0&0&0&0&-5003.24&-3
901.4&2684.94&-26465.2&74668.9&53703.2&63654.9&136625&-97549.2&-101843&-16309\\
 0&0&0&0&0&0&41463.7&-42631.1&327514&60145.4&-716275&-854521&-1.74714e+06&1.183
57e+06&1.23288e+06&201136\\ 0&0&0&0&0&0&0&-344.945&-3612.5&-269057&11872.5&288.
317&14954&-7003.87&-3802.36&4212.86\\ 0&0&0&0&0&0&0&0&83494.5&3.55378e+06&-2337
25&-21923.3&-359586&170471&118760&-56431.1\\ 0&0&0&0&0&0&0&0&0&521602&15674.4&-
151232&-44930.9&-35878.2&-36664.3&-14298.7\\ 0&0&0&0&0&0&0&0&0&0&-936.122&24870
.8&7640.94&14280.7&6276.32&3417.37\\ 0&0&0&0&0&0&0&0&0&0&-461521&2.0798e+06&-11
8238&555538&504484&4007.76\\ 0&0&0&0&0&0&0&0&0&0&707668&-75826.3&-3505.02&-4244
3.6&-40302.6&-8619.32\\ 0&0&0&0&0&0&0&0&0&0&-523950&1.89204e+06&51680.4&449506&
330255&-76802.6\\ 0&0&0&0&0&0&0&0&0&0&-1.93685e+06&6.68815e+06&501764&2.49261e+
06&2.38781e+06&306373\\ \end{bmatrix}\quad \begin{matrix} \\ \\ \\ \\ \\ \\ \\ 
\\ \\ \\ \quad E_11-\left(0.0775005\right)E_10 \quad \rightarrow \quad E_11\\ \
quad E_12-\left(9.06879\right)E_10 \quad \rightarrow \quad E_12\\ \quad E_13-\l
eft(-0.650665\right)E_10 \quad \rightarrow \quad E_13\\ \quad E_14-\left(10.786
7\right)E_10 \quad \rightarrow \quad E_14\\ \quad E_15-\left(48.0784\right)E_10
 \quad \rightarrow \quad E_15\\ \end{matrix} \\ \vspace{0.5cm} \\ \tilde{A}^{(1
2)}= \begin{bmatrix}[rrrrrrrrrrrrrrr|r] 456178&468&4868&4.86682e+07&4818&4.8687
7e+06&4.68768e+06&4.67682e+07&46881&4.86488e+09&6468&643&1&89&643&158133\\ 0&7.
99897&4380.99&-68.6868&42.9894&127.327&-6.27599&-59.5218&8412.9&-2521.43&137.98
6&182.999&13&80.9998&30.9986&3157.65\\ 0&0&-3718.9&-8255.65&587.596&7370.47&9.8
5633&-6352.35&-6841.9&-861322&9055.28&-180.235&328.133&853.815&0.205297&-2802.3
3\\ 0&0&0&5.55329e+06&-451583&-5.46168e+06&-48251.8&4.18717e+06&-226775&5.78518
e+08&-6.64219e+06&111601&-153900&-668231&-19205.6&83762.2\\ 0&0&0&0&4949.95&669
73.9&6910.32&12660.9&4988.62&-258772&68754.2&-20623.7&-17302.2&15891.5&9128.26&
653.66\\ 0&0&0&0&0&-5003.24&-3901.4&2684.94&-26465.2&74668.9&53703.2&63654.9&13
6625&-97549.2&-101843&-16309\\ 0&0&0&0&0&0&41463.7&-42631.1&327514&60145.4&-716
275&-854521&-1.74714e+06&1.18357e+06&1.23288e+06&201136\\ 0&0&0&0&0&0&0&-344.94
5&-3612.5&-269057&11872.5&288.317&14954&-7003.87&-3802.36&4212.86\\ 0&0&0&0&0&0
&0&0&83494.5&3.55378e+06&-233725&-21923.3&-359586&170471&118760&-56431.1\\ 0&0&
0&0&0&0&0&0&0&521602&15674.4&-151232&-44930.9&-35878.2&-36664.3&-14298.7\\ 0&0&
0&0&0&0&0&0&0&0&-936.122&24870.8&7640.94&14280.7&6276.32&3417.37\\ 0&0&0&0&0&0&
0&0&0&0&0&-1.01818e+07&-3.88533e+06&-6.48506e+06&-2.58983e+06&-1.6808e+06\\ 0&0
&0&0&0&0&0&0&0&0&0&1.87254e+07&5.77272e+06&1.07532e+07&4.70433e+06&2.57476e+06\
\ 0&0&0&0&0&0&0&0&0&0&0&-1.20282e+07&-4.22498e+06&-7.54346e+06&-3.18262e+06&-1.
98951e+06\\ 0&0&0&0&0&0&0&0&0&0&0&-4.47698e+07&-1.53074e+07&-2.70544e+07&-1.059
8e+07&-6.7642e+06\\ \end{bmatrix}\quad \begin{matrix} \\ \\ \\ \\ \\ \\ \\ \\ \
\ \\ \\ \quad E_12-\left(493.014\right)E_11 \quad \rightarrow \quad E_12\\ \qua
d E_13-\left(-755.957\right)E_11 \quad \rightarrow \quad E_13\\ \quad E_14-\lef
t(559.703\right)E_11 \quad \rightarrow \quad E_14\\ \quad E_15-\left(2069.01\ri
ght)E_11 \quad \rightarrow \quad E_15\\ \end{matrix} \\ \vspace{0.5cm} \\ \tild
e{A}^{(13)}= \begin{bmatrix}[rrrrrrrrrrrrrrr|r] 456178&468&4868&4.86682e+07&481
8&4.86877e+06&4.68768e+06&4.67682e+07&46881&4.86488e+09&6468&643&1&89&643&15813
3\\ 0&7.99897&4380.99&-68.6868&42.9894&127.327&-6.27599&-59.5218&8412.9&-2521.4
3&137.986&182.999&13&80.9998&30.9986&3157.65\\ 0&0&-3718.9&-8255.65&587.596&737
0.47&9.85633&-6352.35&-6841.9&-861322&9055.28&-180.235&328.133&853.815&0.205297
&-2802.33\\ 0&0&0&5.55329e+06&-451583&-5.46168e+06&-48251.8&4.18717e+06&-226775
&5.78518e+08&-6.64219e+06&111601&-153900&-668231&-19205.6&83762.2\\ 0&0&0&0&494
9.95&66973.9&6910.32&12660.9&4988.62&-258772&68754.2&-20623.7&-17302.2&15891.5&
9128.26&653.66\\ 0&0&0&0&0&-5003.24&-3901.4&2684.94&-26465.2&74668.9&53703.2&63
654.9&136625&-97549.2&-101843&-16309\\ 0&0&0&0&0&0&41463.7&-42631.1&327514&6014
5.4&-716275&-854521&-1.74714e+06&1.18357e+06&1.23288e+06&201136\\ 0&0&0&0&0&0&0
&-344.945&-3612.5&-269057&11872.5&288.317&14954&-7003.87&-3802.36&4212.86\\ 0&0
&0&0&0&0&0&0&83494.5&3.55378e+06&-233725&-21923.3&-359586&170471&118760&-56431.
1\\ 0&0&0&0&0&0&0&0&0&521602&15674.4&-151232&-44930.9&-35878.2&-36664.3&-14298.
7\\ 0&0&0&0&0&0&0&0&0&0&-936.122&24870.8&7640.94&14280.7&6276.32&3417.37\\ 0&0&
0&0&0&0&0&0&0&0&0&-1.01818e+07&-3.88533e+06&-6.48506e+06&-2.58983e+06&-1.6808e+
06\\ 0&0&0&0&0&0&0&0&0&0&0&0&-1.37279e+06&-1.1735e+06&-58629.7&-516399\\ 0&0&0&
0&0&0&0&0&0&0&0&0&364918&117601&-123150&-3914.23\\ 0&0&0&0&0&0&0&0&0&0&0&0&1.77
646e+06&1.46058e+06&789578&626328\\ \end{bmatrix}\quad \begin{matrix} \\ \\ \\ 
\\ \\ \\ \\ \\ \\ \\ \\ \\ \quad E_13-\left(-1.8391\right)E_12 \quad \rightarro
w \quad E_13\\ \quad E_14-\left(1.18134\right)E_12 \quad \rightarrow \quad E_14
\\ \quad E_15-\left(4.39703\right)E_12 \quad \rightarrow \quad E_15\\ \end{matr
ix} \\ \vspace{0.5cm} \\ \tilde{A}^{(14)}= \begin{bmatrix}[rrrrrrrrrrrrrrr|r] 4
56178&468&4868&4.86682e+07&4818&4.86877e+06&4.68768e+06&4.67682e+07&46881&4.864
88e+09&6468&643&1&89&643&158133\\ 0&7.99897&4380.99&-68.6868&42.9894&127.327&-6
.27599&-59.5218&8412.9&-2521.43&137.986&182.999&13&80.9998&30.9986&3157.65\\ 0&
0&-3718.9&-8255.65&587.596&7370.47&9.85633&-6352.35&-6841.9&-861322&9055.28&-18
0.235&328.133&853.815&0.205297&-2802.33\\ 0&0&0&5.55329e+06&-451583&-5.46168e+0
6&-48251.8&4.18717e+06&-226775&5.78518e+08&-6.64219e+06&111601&-153900&-668231&
-19205.6&83762.2\\ 0&0&0&0&4949.95&66973.9&6910.32&12660.9&4988.62&-258772&6875
4.2&-20623.7&-17302.2&15891.5&9128.26&653.66\\ 0&0&0&0&0&-5003.24&-3901.4&2684.
94&-26465.2&74668.9&53703.2&63654.9&136625&-97549.2&-101843&-16309\\ 0&0&0&0&0&
0&41463.7&-42631.1&327514&60145.4&-716275&-854521&-1.74714e+06&1.18357e+06&1.23
288e+06&201136\\ 0&0&0&0&0&0&0&-344.945&-3612.5&-269057&11872.5&288.317&14954&-
7003.87&-3802.36&4212.86\\ 0&0&0&0&0&0&0&0&83494.5&3.55378e+06&-233725&-21923.3
&-359586&170471&118760&-56431.1\\ 0&0&0&0&0&0&0&0&0&521602&15674.4&-151232&-449
30.9&-35878.2&-36664.3&-14298.7\\ 0&0&0&0&0&0&0&0&0&0&-936.122&24870.8&7640.94&
14280.7&6276.32&3417.37\\ 0&0&0&0&0&0&0&0&0&0&0&-1.01818e+07&-3.88533e+06&-6.48
506e+06&-2.58983e+06&-1.6808e+06\\ 0&0&0&0&0&0&0&0&0&0&0&0&-1.37279e+06&-1.1735
e+06&-58629.7&-516399\\ 0&0&0&0&0&0&0&0&0&0&0&0&0&-194341&-138735&-141185\\ 0&0
&0&0&0&0&0&0&0&0&0&0&0&-57982.6&713709&-41917.2\\ \end{bmatrix}\quad \begin{mat
rix} \\ \\ \\ \\ \\ \\ \\ \\ \\ \\ \\ \\ \\ \quad E_14-\left(-0.265822\right)E_
13 \quad \rightarrow \quad E_14\\ \quad E_15-\left(-1.29405\right)E_13 \quad \r
ightarrow \quad E_15\\ \end{matrix} \\ \vspace{0.5cm} \\ \tilde{A}^{(15)}= \beg
in{bmatrix}[rrrrrrrrrrrrrrr|r] 456178&468&4868&4.86682e+07&4818&4.86877e+06&4.6
8768e+06&4.67682e+07&46881&4.86488e+09&6468&643&1&89&643&158133\\ 0&7.99897&438
0.99&-68.6868&42.9894&127.327&-6.27599&-59.5218&8412.9&-2521.43&137.986&182.999
&13&80.9998&30.9986&3157.65\\ 0&0&-3718.9&-8255.65&587.596&7370.47&9.85633&-635
2.35&-6841.9&-861322&9055.28&-180.235&328.133&853.815&0.205297&-2802.33\\ 0&0&0
&5.55329e+06&-451583&-5.46168e+06&-48251.8&4.18717e+06&-226775&5.78518e+08&-6.6
4219e+06&111601&-153900&-668231&-19205.6&83762.2\\ 0&0&0&0&4949.95&66973.9&6910
.32&12660.9&4988.62&-258772&68754.2&-20623.7&-17302.2&15891.5&9128.26&653.66\\ 
0&0&0&0&0&-5003.24&-3901.4&2684.94&-26465.2&74668.9&53703.2&63654.9&136625&-975
49.2&-101843&-16309\\ 0&0&0&0&0&0&41463.7&-42631.1&327514&60145.4&-716275&-8545
21&-1.74714e+06&1.18357e+06&1.23288e+06&201136\\ 0&0&0&0&0&0&0&-344.945&-3612.5
&-269057&11872.5&288.317&14954&-7003.87&-3802.36&4212.86\\ 0&0&0&0&0&0&0&0&8349
4.5&3.55378e+06&-233725&-21923.3&-359586&170471&118760&-56431.1\\ 0&0&0&0&0&0&0
&0&0&521602&15674.4&-151232&-44930.9&-35878.2&-36664.3&-14298.7\\ 0&0&0&0&0&0&0
&0&0&0&-936.122&24870.8&7640.94&14280.7&6276.32&3417.37\\ 0&0&0&0&0&0&0&0&0&0&0
&-1.01818e+07&-3.88533e+06&-6.48506e+06&-2.58983e+06&-1.6808e+06\\ 0&0&0&0&0&0&
0&0&0&0&0&0&-1.37279e+06&-1.1735e+06&-58629.7&-516399\\ 0&0&0&0&0&0&0&0&0&0&0&0
&0&-194341&-138735&-141185\\ 0&0&0&0&0&0&0&0&0&0&0&0&0&0&755101&205.972\\ \end{
bmatrix}\quad \begin{matrix} \\ \\ \\ \\ \\ \\ \\ \\ \\ \\ \\ \\ \\ \\ \quad E_
15-\left(0.298355\right)E_14 \quad \rightarrow \quad E_15\\ \end{matrix} } \def
\gausstable{\begin{tabular}{c|c|c|c|c|c|c|c|c|c|c|c|c|c|c} $a_0$&$a_1$&$a_2$&$a
_3$&$a_4$&$a_5$&$a_6$&$a_7$&$a_8$&$a_9$&$a_10$&$a_11$&$a_12$&$a_13$&$a_14$\\ \h
line 11.0677&-1.88733&2.36083&-8.59696&-4.81178&-2.31496&-7.71706&15.8874&-0.77
5866&-0.0579713&0.00830325&-0.204206&-0.244692&0.726284&0.000272775 \end{tabula
r} } \input{gauss.tex}
(./gauss.tex (./article.cls
Document Class: article 2014/09/29 v1.4h Standard LaTeX document class
(./size10.clo
File: size10.clo 2014/09/29 v1.4h Standard LaTeX file (size option)
)
\c@part=\count79
\c@section=\count80
\c@subsection=\count81
\c@subsubsection=\count82
\c@paragraph=\count83
\c@subparagraph=\count84
\c@figure=\count85
\c@table=\count86
\abovecaptionskip=\skip41
\belowcaptionskip=\skip42
\bibindent=\dimen102
) (./geometry.sty
Package: geometry 2010/09/12 v5.6 Page Geometry
 (./keyval.sty
Package: keyval 2014/10/28 v1.15 key=value parser (DPC)
\KV@toks@=\toks14
) (./ifpdf.sty
Package: ifpdf 2017/03/15 v3.2 Provides the ifpdf switch
) (./ifvtex.sty
Package: ifvtex 2016/05/16 v1.6 Detect VTeX and its facilities (HO)
Package ifvtex Info: VTeX not detected.
)
(./ifxetex.sty
Package: ifxetex 2010/09/12 v0.6 Provides ifxetex conditional
)
\Gm@cnth=\count87
\Gm@cntv=\count88
\c@Gm@tempcnt=\count89
\Gm@bindingoffset=\dimen103
\Gm@wd@mp=\dimen104
\Gm@odd@mp=\dimen105
\Gm@even@mp=\dimen106
\Gm@layoutwidth=\dimen107
\Gm@layoutheight=\dimen108
\Gm@layouthoffset=\dimen109
\Gm@layoutvoffset=\dimen110
\Gm@dimlist=\toks15
) (./graphicx.sty
Package: graphicx 2017/06/01 v1.1a Enhanced LaTeX Graphics (DPC,SPQR)
 (./graphics.sty
Package: graphics 2017/06/13 v1.2b Standard LaTeX Graphics (DPC,SPQR)
 (./trig.sty
Package: trig 2016/01/03 v1.10 sin cos tan (DPC)
) (./graphics.cfg
File: graphics.cfg 2016/06/04 v1.11 sample graphics configuration
)
Package graphics Info: Driver file: pdftex.def on input line 99.

(./pdftex.def
File: pdftex.def 2017/01/12 v0.06k Graphics/color for pdfTeX
 (./infwarerr.sty
Package: infwarerr 2016/05/16 v1.4 Providing info/warning/error messages (HO)
) (./ltxcmds.sty
Package: ltxcmds 2016/05/16 v1.23 LaTeX kernel commands for general use (HO)
)
\Gread@gobject=\count90
))
\Gin@req@height=\dimen111
\Gin@req@width=\dimen112
) (./wrapfig.sty
\wrapoverhang=\dimen113
\WF@size=\dimen114
\c@WF@wrappedlines=\count91
\WF@box=\box26
\WF@everypar=\toks16
Package: wrapfig 2003/01/31  v 3.6
)
(./amsmath.sty
Package: amsmath 2016/06/28 v2.15d AMS math features
\@mathmargin=\skip43

For additional information on amsmath, use the `?' option.
(./amstext.sty
Package: amstext 2000/06/29 v2.01 AMS text
 (./amsgen.sty
File: amsgen.sty 1999/11/30 v2.0 generic functions
\@emptytoks=\toks17
\ex@=\dimen115
)) (./amsbsy.sty
Package: amsbsy 1999/11/29 v1.2d Bold Symbols
\pmbraise@=\dimen116
) (./amsopn.sty
Package: amsopn 2016/03/08 v2.02 operator names
)
\inf@bad=\count92
LaTeX Info: Redefining \frac on input line 199.
\uproot@=\count93
\leftroot@=\count94
LaTeX Info: Redefining \overline on input line 297.
\classnum@=\count95
\DOTSCASE@=\count96
LaTeX Info: Redefining \ldots on input line 394.
LaTeX Info: Redefining \dots on input line 397.
LaTeX Info: Redefining \cdots on input line 518.
\Mathstrutbox@=\box27
\strutbox@=\box28
\big@size=\dimen117
LaTeX Font Info:    Redeclaring font encoding OML on input line 634.
LaTeX Font Info:    Redeclaring font encoding OMS on input line 635.
\macc@depth=\count97
\c@MaxMatrixCols=\count98
\dotsspace@=\muskip10
\c@parentequation=\count99
\dspbrk@lvl=\count100
\tag@help=\toks18
\row@=\count101
\column@=\count102
\maxfields@=\count103
\andhelp@=\toks19
\eqnshift@=\dimen118
\alignsep@=\dimen119
\tagshift@=\dimen120
\tagwidth@=\dimen121
\totwidth@=\dimen122
\lineht@=\dimen123
\@envbody=\toks20
\multlinegap=\skip44
\multlinetaggap=\skip45
\mathdisplay@stack=\toks21
LaTeX Info: Redefining \[ on input line 2739.
LaTeX Info: Redefining \] on input line 2740.
)
\fmbox=\box29


LaTeX Warning: Unused global option(s):
    [14pt].

(./gauss.aux)
\openout1 = `gauss.aux'.

LaTeX Font Info:    Checking defaults for OML/cmm/m/it on input line 28.
LaTeX Font Info:    ... okay on input line 28.
LaTeX Font Info:    Checking defaults for T1/cmr/m/n on input line 28.
LaTeX Font Info:    ... okay on input line 28.
LaTeX Font Info:    Checking defaults for OT1/cmr/m/n on input line 28.
LaTeX Font Info:    ... okay on input line 28.
LaTeX Font Info:    Checking defaults for OMS/cmsy/m/n on input line 28.
LaTeX Font Info:    ... okay on input line 28.
LaTeX Font Info:    Checking defaults for OMX/cmex/m/n on input line 28.
LaTeX Font Info:    ... okay on input line 28.
LaTeX Font Info:    Checking defaults for U/cmr/m/n on input line 28.
LaTeX Font Info:    ... okay on input line 28.

*geometry* driver: auto-detecting
*geometry* detected driver: pdftex
*geometry* verbose mode - [ preamble ] result:
* driver: pdftex
* paper: <default>
* layout: <same size as paper>
* layoutoffset:(h,v)=(0.0pt,0.0pt)
* modes: 
* h-part:(L,W,R)=(28.90755pt, 556.4799pt, 28.90755pt)
* v-part:(T,H,B)=(28.90755pt, 737.15489pt, 28.90755pt)
* \paperwidth=614.295pt
* \paperheight=794.96999pt
* \textwidth=556.4799pt
* \textheight=737.15489pt
* \oddsidemargin=-43.36244pt
* \evensidemargin=-43.36244pt
* \topmargin=-80.36244pt
* \headheight=12.0pt
* \headsep=25.0pt
* \topskip=10.0pt
* \footskip=30.0pt
* \marginparwidth=65.0pt
* \marginparsep=11.0pt
* \columnsep=10.0pt
* \skip\footins=9.0pt plus 4.0pt minus 2.0pt
* \hoffset=0.0pt
* \voffset=0.0pt
* \mag=1000
* \@twocolumnfalse
* \@twosidefalse
* \@mparswitchfalse
* \@reversemarginfalse
* (1in=72.27pt=25.4mm, 1cm=28.453pt)

(./pdftexcmds.sty
Package: pdftexcmds 2017/03/19 v0.25 Utility functions of pdfTeX for LuaTeX (HO
)
 (./ifluatex.sty
Package: ifluatex 2016/05/16 v1.4 Provides the ifluatex switch (HO)
Package ifluatex Info: LuaTeX not detected.
)
Package pdftexcmds Info: LuaTeX not detected.
Package pdftexcmds Info: \pdf@primitive is available.
Package pdftexcmds Info: \pdf@ifprimitive is available.
Package pdftexcmds Info: \pdfdraftmode found.
) (./epstopdf-base.sty
Package: epstopdf-base 2016/05/15 v2.6 Base part for package epstopdf
 (./grfext.sty
Package: grfext 2016/05/16 v1.2 Manage graphics extensions (HO)

(./kvdefinekeys.sty
Package: kvdefinekeys 2016/05/16 v1.4 Define keys (HO)
)) (./kvoptions.sty
Package: kvoptions 2016/05/16 v3.12 Key value format for package options (HO)
 (./kvsetkeys.sty
Package: kvsetkeys 2016/05/16 v1.17 Key value parser (HO)
 (./etexcmds.sty
Package: etexcmds 2016/05/16 v1.6 Avoid name clashes with e-TeX commands (HO)
Package etexcmds Info: Could not find \expanded.
(etexcmds)             That can mean that you are not using pdfTeX 1.50 or
(etexcmds)             that some package has redefined \expanded.
(etexcmds)             In the latter case, load this package earlier.
)))
Package epstopdf-base Info: Redefining graphics rule for `.eps' on input line 4
38.
Package grfext Info: Graphics extension search list:
(grfext)             [.png,.pdf,.jpg,.mps,.jpeg,.jbig2,.jb2,.PNG,.PDF,.JPG,.JPE
G,.JBIG2,.JB2,.eps]
(grfext)             \AppendGraphicsExtensions on input line 456.
)
<logo.jpg, id=1, 301.125pt x 377.41pt>
File: logo.jpg Graphic file (type jpg)
<use logo.jpg>
Package pdftex.def Info: logo.jpg used on input line 39.
(pdftex.def)             Requested size: 55.65138pt x 69.74489pt.

Overfull \hbox (6.79999pt too wide) in paragraph at lines 47--49
[][]
 []


Underfull \hbox (badness 10000) in paragraph at lines 50--51

 []


Overfull \hbox (384.21555pt too wide) in paragraph at lines 57--80
\OML/cmm/m/it/10 A \OT1/cmr/m/n/10 =  [] []$
 []


Overfull \hbox (238.37193pt too wide) in paragraph at lines 57--80
[] \OT1/cmr/m/n/10 = []   [][] 
 []


Overfull \hbox (535.29936pt too wide) in paragraph at lines 57--80
[] \OT1/cmr/m/n/10 = []   [][] 
 []


Overfull \hbox (615.16742pt too wide) in paragraph at lines 57--80
[] \OT1/cmr/m/n/10 = []   [][] 
 []


Overfull \hbox (598.84457pt too wide) in paragraph at lines 57--80
[] \OT1/cmr/m/n/10 = []   [][] 
 []


Overfull \hbox (581.96617pt too wide) in paragraph at lines 57--80
[] \OT1/cmr/m/n/10 = []   [][] 
 []


Overfull \hbox (571.41058pt too wide) in paragraph at lines 57--80
[] \OT1/cmr/m/n/10 = []   [][] 
 []


Overfull \hbox (693.02493pt too wide) in paragraph at lines 57--80
[] \OT1/cmr/m/n/10 = []   [][] 
 []


Overfull \hbox (631.49026pt too wide) in paragraph at lines 57--80
[] \OT1/cmr/m/n/10 = []   [][] 
 []


Overfull \hbox (634.26805pt too wide) in paragraph at lines 57--80
[] \OT1/cmr/m/n/10 = []   [][] 
 []


Overfull \hbox (640.47641pt too wide) in paragraph at lines 57--80
[] \OT1/cmr/m/n/10 = []   [][] 
 []


Overfull \hbox (659.57704pt too wide) in paragraph at lines 57--80
[] \OT1/cmr/m/n/10 = []   [][] 
 []


Overfull \hbox (704.78886pt too wide) in paragraph at lines 57--80
[] \OT1/cmr/m/n/10 = []   [][] 
 []


Overfull \hbox (694.78883pt too wide) in paragraph at lines 57--80
[] \OT1/cmr/m/n/10 = []   [][] 
 []


Overfull \hbox (704.78886pt too wide) in paragraph at lines 57--80
[] \OT1/cmr/m/n/10 = []   [][] 
 []


Overfull \hbox (697.01106pt too wide) in paragraph at lines 57--80
[] \OT1/cmr/m/n/10 = []   [][] 
 []


Overfull \hbox (210.18842pt too wide) in paragraph at lines 57--80
[]$ 
 []

[1

{pdftex.map} <./logo.jpg>] [2] [3] [4] [5] [6] (./gauss.aux) ) 
Here is how much of TeX's memory you used:
 2353 strings out of 493013
 28970 string characters out of 6136993
 383719 words of memory out of 5000000
 5891 multiletter control sequences out of 15000+600000
 6837 words of font info for 25 fonts, out of 8000000 for 9000
 1141 hyphenation exceptions out of 8191
 41i,9n,32p,35245b,348s stack positions out of 5000i,500n,10000p,200000b,80000s
<./cmbx10.pfb><./
cmbx12.pfb><./cmex10.pfb><./cmmi10.pfb><./cmr10.pfb><./cmr12.pfb><./cmr7.pfb><.
/cmsy10.pfb>
Output written on gauss.pdf (6 pages, 128411 bytes).
PDF statistics:
 56 PDF objects out of 1000 (max. 8388607)
 38 compressed objects within 1 object stream
 0 named destinations out of 1000 (max. 500000)
 6 words of extra memory for PDF output out of 10000 (max. 10000000)

