This is pdfTeX, Version 3.14159265-2.6-1.40.17 (TeX Live 2016/W32TeX) (preloaded format=pdflatex 2016.11.2)  2 JUL 2017 17:25
entering extended mode
 restricted \write18 enabled.
 %&-line parsing enabled.
**\def\gausssel{\begin{alignedat}{5} & & & &\;&=&\;0\\ & & & &\;&=&\;0\\ & & & 
&\;&=&\;0\\ & & & &\;&=&\;0 \end{alignedat} } \def\gaussmatrices{\tilde{A}^{(1)
}= \begin{bmatrix}[rrrr|r] 0&0&0&0&0\\ 0&0&0&0&0\\ 0&0&0&0&0\\ 0&0&0&0&0\\ \end
{bmatrix}\quad \begin{matrix} \\ \\ \\ \\ \end{matrix} } \errormsg{ 1} \def\gau
sstable{\begin{tabular}{c|c|c|c} $a_0$&$a_1$&$a_2$&$a_3$\\ \hline -nan(ind)&-na
n(ind)&-nan(ind)&-nan(ind) \end{tabular} } \input{gauss.tex} -interaction=nonst
opmode

! Emergency stop.
<*> ...atrix} \\ \\ \\ \\ \end{matrix} } \errormsg
                                                  { 1} \def\gausstable{\begi...
End of file on the terminal!

 
Here is how much of TeX's memory you used:
 4 strings out of 493013
 123 string characters out of 6136993
 53632 words of memory out of 5000000
 3651 multiletter control sequences out of 15000+600000
 3640 words of font info for 14 fonts, out of 8000000 for 9000
 1141 hyphenation exceptions out of 8191
 4i,0n,1p,1b,8s stack positions out of 5000i,500n,10000p,200000b,80000s
!  ==> Fatal error occurred, no output PDF file produced!
